---ErrorLOG---
Date:2022-01-17 03:52:57.408421
Type:division by zero
---Traceback---
Traceback (most recent call last):
  File "e:\e-auto_ReBuild\eAuto.py", line 427, in <module>
    x = 1/0
ZeroDivisionError: division by zero
------
---ErrorLOG---
Date:2022-01-17 03:54:44.094023
Type:division by zero
---Traceback---
Traceback (most recent call last):
  File "e:\e-auto_ReBuild\eAuto.py", line 427, in <module>
    x = 1/0
ZeroDivisionError: division by zero
------
---ErrorLOG---
Date:2022-01-17 03:55:08.243265
Type:division by zero
---Traceback---
Traceback (most recent call last):
  File "e:\e-auto_ReBuild\eAuto.py", line 427, in <module>
    x = 1/0
ZeroDivisionError: division by zero
------
